build/app/outputs/mapping/debug/mapping.txt
# compiler: R8
# compiler_version: 1.5.64
# min_api: 16
# pg_map_id: a881cb6
com.example.CollegeManager.MainActivity -> com.example.CollegeManager.MainActivity:
    8:8:void <init>() -> <init>
    10:11:void configureFlutterEngine(io.flutter.embedding.engine.FlutterEngine) -> b
...
com.google.android.gms.common.GoogleApiAvailability$zaa -> b.a.a.a.b.d$a:
    android.content.Context zaas -> a
    com.google.android.gms.common.GoogleApiAvailability zaat -> b
    1:4:void <init>(com.google.android.gms.common.GoogleApiAvailability,android.content.Context) -> <init>
    5:10:void handleMessage(android.os.Message) -> handleMessage
com.google.android.gms.common.GoogleApiAvailabilityLight -> b.a.a.a.b.e:
    com.google.android.gms.common.GoogleApiAvailabilityLight zzm -> b
    int GOOGLE_PLAY_SERVICES_VERSION_CODE -> a
    52:53:void <clinit>() -> <clinit>
    2:2:void <init>() -> <init>
    1:1:com.google.android.gms.common.GoogleApiAvailabilityLight getInstance() -> a
    3:3:int isGooglePlayServicesAvailable(android.content.Context) -> a
    4:8:int isGooglePlayServicesAvailable(android.content.Context,int) -> a
    13:18:android.content.Intent getErrorResolutionIntent(android.content.Context,int,java.lang.String) -> a
    21:21:android.app.PendingIntent getErrorResolutionPendingIntent(android.content.Context,int,int) -> a
    22:25:android.app.PendingIntent getErrorResolutionPendingIntent(android.content.Context,int,int,java.lang.String) -> a
    33:33:java.lang.String getErrorString(int) -> a
    34:51:java.lang.String zza(android.content.Context,java.lang.String) -> a
    9:10:void verifyGooglePlayServicesIsAvailable(android.content.Context,int) -> b
    11:11:boolean isUserResolvableError(int) -> b
com.google.android.gms.common.GooglePlayServicesNotAvailableException -> b.a.a.a.b.f:
    1:3:void <init>(int) -> <init>
com.google.android.gms.common.GooglePlayServicesRepairableException -> b.a.a.a.b.g:
    1:3:void <init>(int,java.lang.String,android.content.Intent) -> <init>
com.google.android.gms.common.GooglePlayServicesUtil -> b.a.a.a.b.h:
    43:43:android.content.res.Resources getRemoteResource(android.content.Context) -> b
com.google.android.gms.common.GooglePlayServicesUtilLight -> b.a.a.a.b.i:
    java.util.concurrent.atomic.AtomicBoolean zzal -> c
    java.util.concurrent.atomic.AtomicBoolean sCanceledAvailabilityNotification -> b
    int GOOGLE_PLAY_SERVICES_VERSION_CODE -> a
    168:174:void <clinit>() -> <clinit>
    5:5:java.lang.String getErrorString(int) -> a
    23:38:int zza(android.content.Context,boolean,int) -> a
    63:72:void ensurePlayServicesAvailable(android.content.Context,int) -> a
    121:123:android.content.Context getRemoteContext(android.content.Context) -> a
    142:159:boolean isUninstalledAppPossiblyUpdating(android.content.Context,java.lang.String) -> a
    7:22:int isGooglePlayServicesAvailable(android.content.Context,int) -> b
    112:113:boolean isUserRecoverableError(int) -> b
    115:120:android.content.res.Resources getRemoteResource(android.content.Context) -> b
    134:138:boolean isPlayServicesPossiblyUpdating(android.content.Context,int) -> c
    160:167:boolean isRestrictedUserProfile(android.content.Context) -> c
com.google.android.gms.common.GoogleSignatureVerifier -> b.a.a.a.b.j:
    com.google.android.gms.common.GoogleSignatureVerifier zzam -> a
    1:3:void <init>(android.content.Context) -> <init>
    4:9:com.google.android.gms.common.GoogleSignatureVerifier getInstance(android.content.Context) -> a
    33:37:boolean zza(android.content.pm.PackageInfo,boolean) -> a
    109:119:com.google.android.gms.common.zze zza(android.content.pm.PackageInfo,com.google.android.gms.common.zze[]) -> a
com.google.android.gms.common.R$string -> b.a.a.a.b.k: